<?xml version="1.0" encoding="UTF-8"?>
<!-- Generated by org.testng.reporters.JUnitReportReporter -->
<testsuite hostname="MIT01430" name="com.mit.citest.TestMainFunction1" tests="1" failures="0" timestamp="8 Dec 2015 05:22:45 GMT" time="0.005" errors="0">
  <testcase name="test1" time="0.005" classname="com.mit.citest.TestMainFunction1"/>
</testsuite> <!-- com.mit.citest.TestMainFunction1 -->
